[2020-09-18 17:20:59] production.ERROR: Command "port" is not defined.

Did you mean one of these?
    passport:client
    passport:install
    passport:keys
    passport:purge {"exception":"[object] (Symfony\\Component\\Console\\Exception\\CommandNotFoundException(code: 0): Command \"port\" is not defined.

Did you mean one of these?
    passport:client
    passport:install
    passport:keys
    passport:purge at E:\\.Rar.Zip\\s-cart-2.1.20\\vendor\\symfony\\console\\Application.php:644)
[stacktrace]
#0 E:\\.Rar.Zip\\s-cart-2.1.20\\vendor\\symfony\\console\\Application.php(228): Symfony\\Component\\Console\\Application->find('port')
#1 E:\\.Rar.Zip\\s-cart-2.1.20\\vendor\\symfony\\console\\Application.php(140): Symfony\\Component\\Console\\Application->doRun(Object(Symfony\\Component\\Console\\Input\\ArgvInput), Object(Symfony\\Component\\Console\\Output\\ConsoleOutput))
#2 E:\\.Rar.Zip\\s-cart-2.1.20\\vendor\\laravel\\framework\\src\\Illuminate\\Console\\Application.php(93): Symfony\\Component\\Console\\Application->run(Object(Symfony\\Component\\Console\\Input\\ArgvInput), Object(Symfony\\Component\\Console\\Output\\ConsoleOutput))
#3 E:\\.Rar.Zip\\s-cart-2.1.20\\vendor\\laravel\\framework\\src\\Illuminate\\Foundation\\Console\\Kernel.php(129): Illuminate\\Console\\Application->run(Object(Symfony\\Component\\Console\\Input\\ArgvInput), Object(Symfony\\Component\\Console\\Output\\ConsoleOutput))
#4 E:\\.Rar.Zip\\s-cart-2.1.20\\artisan(37): Illuminate\\Foundation\\Console\\Kernel->handle(Object(Symfony\\Component\\Console\\Input\\ArgvInput), Object(Symfony\\Component\\Console\\Output\\ConsoleOutput))
#5 {main}
"} 
[2020-09-18 17:21:13] production.ERROR: Command "8800" is not defined. {"exception":"[object] (Symfony\\Component\\Console\\Exception\\CommandNotFoundException(code: 0): Command \"8800\" is not defined. at E:\\.Rar.Zip\\s-cart-2.1.20\\vendor\\symfony\\console\\Application.php:644)
[stacktrace]
#0 E:\\.Rar.Zip\\s-cart-2.1.20\\vendor\\symfony\\console\\Application.php(228): Symfony\\Component\\Console\\Application->find('8800')
#1 E:\\.Rar.Zip\\s-cart-2.1.20\\vendor\\symfony\\console\\Application.php(140): Symfony\\Component\\Console\\Application->doRun(Object(Symfony\\Component\\Console\\Input\\ArgvInput), Object(Symfony\\Component\\Console\\Output\\ConsoleOutput))
#2 E:\\.Rar.Zip\\s-cart-2.1.20\\vendor\\laravel\\framework\\src\\Illuminate\\Console\\Application.php(93): Symfony\\Component\\Console\\Application->run(Object(Symfony\\Component\\Console\\Input\\ArgvInput), Object(Symfony\\Component\\Console\\Output\\ConsoleOutput))
#3 E:\\.Rar.Zip\\s-cart-2.1.20\\vendor\\laravel\\framework\\src\\Illuminate\\Foundation\\Console\\Kernel.php(129): Illuminate\\Console\\Application->run(Object(Symfony\\Component\\Console\\Input\\ArgvInput), Object(Symfony\\Component\\Console\\Output\\ConsoleOutput))
#4 E:\\.Rar.Zip\\s-cart-2.1.20\\artisan(37): Illuminate\\Foundation\\Console\\Kernel->handle(Object(Symfony\\Component\\Console\\Input\\ArgvInput), Object(Symfony\\Component\\Console\\Output\\ConsoleOutput))
#5 {main}
"} 
